c:\users\asus\desktop\kınect_svm\kınecttranslator\kınecttranslator\x64\debug\kınecttranslator.pch
c:\users\asus\desktop\kınect_svm\kınecttranslator\kınecttranslator\x64\debug\vc120.pdb
c:\users\asus\desktop\kınect_svm\kınecttranslator\kınecttranslator\x64\debug\vc120.ıdb
c:\users\asus\desktop\kınect_svm\kınecttranslator\kınecttranslator\x64\debug\stdafx.obj
c:\users\asus\desktop\kınect_svm\kınecttranslator\x64\debug\kınecttranslator.ılk
c:\users\asus\desktop\kınect_svm\kınecttranslator\x64\debug\kınecttranslator.exe
c:\users\asus\desktop\kınect_svm\kınecttranslator\x64\debug\kınecttranslator.pdb
c:\users\asus\desktop\kinect_svm\kinecttranslator\kinecttranslator\x64\debug\stdafx.obj
c:\users\asus\desktop\kinect_svm\kinecttranslator\kinecttranslator\x64\debug\kinecttranslator.pch
c:\users\asus\desktop\kinect_svm\kinecttranslator\kinecttranslator\x64\debug\vc120.idb
c:\users\asus\desktop\kinect_svm\kinecttranslator\kinecttranslator\x64\debug\vc120.pdb
c:\users\asus\desktop\kinect_svm\kinecttranslator\x64\debug\kinecttranslator.pdb
c:\users\asus\desktop\kinect_svm\kinecttranslator\x64\debug\kinecttranslator.exe
c:\users\asus\desktop\kinect_svm\kinecttranslator\x64\debug\kinecttranslator.ilk
c:\users\asus\desktop\kinect_svm\kinecttranslator\kinecttranslator\x64\debug\kinecttranslator.tlog\cl.command.1.tlog
c:\users\asus\desktop\kinect_svm\kinecttranslator\kinecttranslator\x64\debug\kinecttranslator.tlog\cl.read.1.tlog
c:\users\asus\desktop\kinect_svm\kinecttranslator\kinecttranslator\x64\debug\kinecttranslator.tlog\cl.write.1.tlog
c:\users\asus\desktop\kinect_svm\kinecttranslator\kinecttranslator\x64\debug\kinecttranslator.tlog\link.command.1.tlog
c:\users\asus\desktop\kinect_svm\kinecttranslator\kinecttranslator\x64\debug\kinecttranslator.tlog\link.read.1.tlog
c:\users\asus\desktop\kinect_svm\kinecttranslator\kinecttranslator\x64\debug\kinecttranslator.tlog\link.write.1.tlog
